
> medivault@0.0.0 lint
> eslint .


/home/shashwatkumar/medivault/src/contexts/AuthContext.jsx
  14:17  error  Fast refresh only works when a file only exports components. Use a new file to share constants or functions between components  react-refresh/only-export-components

/home/shashwatkumar/medivault/src/pages/Dashboard.jsx
  142:14  error  'err' is defined but never used  no-unused-vars

/home/shashwatkumar/medivault/src/pages/Emergency.jsx
  24:7  error  Error: Calling setState synchronously within an effect can trigger cascading renders

Effects are intended to synchronize state between React and external systems such as manually updating the DOM, state management libraries, or other platform APIs. In general, the body of an effect should do one or both of the following:
* Update external systems with the latest state from React.
* Subscribe for updates from some external system, calling setState in a callback function when external state changes.

Calling setState synchronously within an effect body causes cascading renders that can hurt performance, and is not recommended. (https://react.dev/learn/you-might-not-need-an-effect).

  22 |       docRef = doc(db, 'families', familyId, 'members', memberId);
  23 |     } else {
> 24 |       setError('Invalid profile link.');
     |       ^^^^^^^^ Avoid calling setState() directly within an effect
  25 |       setLoading(false);
  26 |       return;
  27 |     }  react-hooks/set-state-in-effect

✖ 3 problems (3 errors, 0 warnings)

